<?xml version="1.0" encoding="UTF-8"?>
<!-- Generated by org.testng.reporters.JUnitReportReporter -->
<testsuite hostname="Arunnivetha" failures="0" tests="1" name="Base.BaseTest" time="5.862" errors="0" timestamp="19 Jun 2025 06:40:58 GMT" skipped="0">
  <testcase classname="Base.BaseTest" name="loadBrowser" time="5.862"/>
</testsuite> <!-- Base.BaseTest -->
