<?xml version="1.0" encoding="UTF-8"?>
<!-- Generated by org.testng.reporters.JUnitReportReporter -->
<testsuite hostname="Arunnivetha" failures="0" tests="2" name="Testcases.SampleTest" time="2.412" errors="0" timestamp="19 Jun 2025 12:56:48 GMT" skipped="0">
  <testcase classname="Testcases.SampleTest" name="enteremail" time="0.862"/>
  <testcase classname="Testcases.SampleTest" name="enterpassword" time="1.550"/>
</testsuite> <!-- Testcases.SampleTest -->
